<?xml version="1.0" encoding="UTF-8"?>
<!-- Generated by org.testng.reporters.JUnitReportReporter -->
<testsuite hostname="Ankur" failures="0" tests="1" name="APIautomation.Sumvalidation" time="1.436" errors="0" timestamp="2023-08-17T22:02:19 IST" skipped="0">
  <testcase classname="APIautomation.Sumvalidation" name="SumPrac" time="1.436"/>
  <system-out/>
</testsuite> <!-- APIautomation.Sumvalidation -->
