<?xml version="1.0" encoding="UTF-8"?>
<!-- Generated by org.testng.reporters.JUnitReportReporter -->
<testsuite hostname="Ankur" failures="0" tests="3" name="APIautomation.BookTestclass" time="3.258" errors="0" timestamp="2023-08-14T14:51:05 IST" skipped="0">
  <testcase classname="APIautomation.BookTestclass" name="addbookinto" time="2.845"/>
  <system-out/>
  <testcase classname="APIautomation.BookTestclass" name="addbookinto" time="0.085"/>
  <system-out/>
  <testcase classname="APIautomation.BookTestclass" name="addbookinto" time="0.328"/>
  <system-out/>
</testsuite> <!-- APIautomation.BookTestclass -->
